The system is: Windows - 10.0.19045 - AMD64
Compiling the CXX compiler identification source file "CMakeCXXCompilerId.cpp" succeeded.
Compiler:  
Build flags: 
Id flags:  

The output was:
0
MSBuild version 17.4.1+9a89d02ff for .NET Framework
生成启动时间为 2023/4/13 13:40:48。
节点 1 上的项目“D:\bishe\gpu-database\build\CMakeFiles\3.25.1\CompilerIdCXX\CompilerIdCXX.vcxproj”(默认目标)。
PrepareForBuild:
  正在创建目录“Debug\”。
  正在创建目录“Debug\CompilerIdCXX.tlog\”。
InitializeBuildStatus:
  正在创建“Debug\CompilerIdCXX.tlog\unsuccessfulbuild”，因为已指定“AlwaysCreate”。
ClCompile:
  D:\Program Files\Microsoft Visual Studio\2022\Community\VC\Tools\MSVC\14.34.31933\bin\HostX64\x64\CL.exe /c /nologo /W0 /WX- /diagnostics:column /Od /D _MBCS /Gm- /EHsc /RTC1 /MDd /GS /fp:precise /Zc:wchar_t /Zc:forScope /Zc:inline /Fo"Debug\\" /Fd"Debug\vc143.pdb" /external:W0 /Gd /TP /FC /errorReport:queue CMakeCXXCompilerId.cpp
  CMakeCXXCompilerId.cpp
Link:
  D:\Program Files\Microsoft Visual Studio\2022\Community\VC\Tools\MSVC\14.34.31933\bin\HostX64\x64\link.exe /ERRORREPORT:QUEUE /OUT:".\CompilerIdCXX.exe" /INCREMENTAL:NO /NOLOGO kernel32.lib user32.lib gdi32.lib winspool.lib comdlg32.lib advapi32.lib shell32.lib ole32.lib oleaut32.lib uuid.lib odbc32.lib odbccp32.lib /MANIFEST /MANIFESTUAC:"level='asInvoker' uiAccess='false'" /manifest:embed /PDB:".\CompilerIdCXX.pdb" /SUBSYSTEM:CONSOLE /TLBID:1 /DYNAMICBASE /NXCOMPAT /IMPLIB:".\CompilerIdCXX.lib" /MACHINE:X64 Debug\CMakeCXXCompilerId.obj
  CompilerIdCXX.vcxproj -> D:\bishe\gpu-database\build\CMakeFiles\3.25.1\CompilerIdCXX\CompilerIdCXX.exe
PostBuildEvent:
  for %%i in (cl.exe) do @echo CMAKE_CXX_COMPILER=%%~$PATH:i
  :VCEnd
  CMAKE_CXX_COMPILER=D:\Program Files\Microsoft Visual Studio\2022\Community\VC\Tools\MSVC\14.34.31933\bin\Hostx64\x64\cl.exe
FinalizeBuildStatus:
  正在删除文件“Debug\CompilerIdCXX.tlog\unsuccessfulbuild”。
  正在对“Debug\CompilerIdCXX.tlog\CompilerIdCXX.lastbuildstate”执行 Touch 任务。
已完成生成项目“D:\bishe\gpu-database\build\CMakeFiles\3.25.1\CompilerIdCXX\CompilerIdCXX.vcxproj”(默认目标)的操作。

已成功生成。
    0 个警告
    0 个错误

已用时间 00:00:00.80


Compilation of the CXX compiler identification source "CMakeCXXCompilerId.cpp" produced "CompilerIdCXX.exe"

Compilation of the CXX compiler identification source "CMakeCXXCompilerId.cpp" produced "CompilerIdCXX.vcxproj"

The CXX compiler identification is MSVC, found in "D:/bishe/gpu-database/build/CMakeFiles/3.25.1/CompilerIdCXX/CompilerIdCXX.exe"

Compiling the CUDA compiler identification source file "CMakeCUDACompilerId.cu" succeeded.
Compiler:  
Build flags: 
Id flags: --keep;--keep-dir;tmp -v

The output was:
0
MSBuild version 17.4.1+9a89d02ff for .NET Framework
生成启动时间为 2023/4/13 13:40:49。
节点 1 上的项目“D:\bishe\gpu-database\build\CMakeFiles\3.25.1\CompilerIdCUDA\CompilerIdCUDA.vcxproj”(默认目标)。
PrepareForBuild:
  正在创建目录“Debug\”。
  正在创建目录“Debug\CompilerIdCUDA.tlog\”。
InitializeBuildStatus:
  正在创建“Debug\CompilerIdCUDA.tlog\unsuccessfulbuild”，因为已指定“AlwaysCreate”。
AddCudaCompileDeps:
  D:\Program Files\Microsoft Visual Studio\2022\Community\VC\Tools\MSVC\14.34.31933\bin\HostX64\x64\cl.exe /E /nologo /showIncludes /TP /D__CUDACC__ /D__CUDACC_VER_MAJOR__=11 /D__CUDACC_VER_MINOR__=6 /D_MBCS /I"C:\Program Files\NVIDIA GPU Computing Toolkit\CUDA\v11.6\include" /I"C:\Program Files\NVIDIA GPU Computing Toolkit\CUDA\v11.6\bin" /I"C:\Program Files\NVIDIA GPU Computing Toolkit\CUDA\v11.6\include" /I. /FIcuda_runtime.h /c D:\bishe\gpu-database\build\CMakeFiles\3.25.1\CompilerIdCUDA\CMakeCUDACompilerId.cu 
项目“D:\bishe\gpu-database\build\CMakeFiles\3.25.1\CompilerIdCUDA\CompilerIdCUDA.vcxproj”(1)正在节点 1 上生成“D:\bishe\gpu-database\build\CMakeFiles\3.25.1\CompilerIdCUDA\CompilerIdCUDA.vcxproj”(1:2) (CudaBuildCore 个目标)。
CudaBuildCore:
  Compiling CUDA source file CMakeCUDACompilerId.cu...
  cmd.exe /C "C:\Users\17208\AppData\Local\Temp\tmpa3c3ba5082924b9286cc097bf1211c31.cmd"
  "C:\Program Files\NVIDIA GPU Computing Toolkit\CUDA\v11.6\bin\nvcc.exe" -gencode=arch=compute_52,code=\"sm_52,compute_52\" --use-local-env -ccbin "D:\Program Files\Microsoft Visual Studio\2022\Community\VC\Tools\MSVC\14.34.31933\bin\HostX64\x64" -x cu   -I"C:\Program Files\NVIDIA GPU Computing Toolkit\CUDA\v11.6\include" -I"C:\Program Files\NVIDIA GPU Computing Toolkit\CUDA\v11.6\include"  -G   --keep-dir x64\Debug  -maxrregcount=0  --machine 64 --compile -cudart static -v -g  -D_MBCS -Xcompiler "/EHsc /W0 /nologo /Od /FdDebug\vc143.pdb /FS /Zi /RTC1 /MDd " -o Debug\CMakeCUDACompilerId.cu.obj "D:\bishe\gpu-database\build\CMakeFiles\3.25.1\CompilerIdCUDA\CMakeCUDACompilerId.cu"
  
  D:\bishe\gpu-database\build\CMakeFiles\3.25.1\CompilerIdCUDA>"C:\Program Files\NVIDIA GPU Computing Toolkit\CUDA\v11.6\bin\nvcc.exe" -gencode=arch=compute_52,code=\"sm_52,compute_52\" --use-local-env -ccbin "D:\Program Files\Microsoft Visual Studio\2022\Community\VC\Tools\MSVC\14.34.31933\bin\HostX64\x64" -x cu   -I"C:\Program Files\NVIDIA GPU Computing Toolkit\CUDA\v11.6\include" -I"C:\Program Files\NVIDIA GPU Computing Toolkit\CUDA\v11.6\include"  -G   --keep-dir x64\Debug  -maxrregcount=0  --machine 64 --compile -cudart static -v -g  -D_MBCS -Xcompiler "/EHsc /W0 /nologo /Od /FdDebug\vc143.pdb /FS /Zi /RTC1 /MDd " -o Debug\CMakeCUDACompilerId.cu.obj "D:\bishe\gpu-database\build\CMakeFiles\3.25.1\CompilerIdCUDA\CMakeCUDACompilerId.cu" 
  #$ _NVVM_BRANCH_=nvvm
  #$ _SPACE_= 
  #$ _CUDART_=cudart
  #$ _HERE_=C:\Program Files\NVIDIA GPU Computing Toolkit\CUDA\v11.6\bin
  #$ _THERE_=C:\Program Files\NVIDIA GPU Computing Toolkit\CUDA\v11.6\bin
  #$ _TARGET_SIZE_=
  #$ _TARGET_DIR_=
  #$ _TARGET_SIZE_=64
  #$ _WIN_PLATFORM_=x64
  #$ TOP=C:\Program Files\NVIDIA GPU Computing Toolkit\CUDA\v11.6\bin/..
  #$ NVVMIR_LIBRARY_DIR=C:\Program Files\NVIDIA GPU Computing Toolkit\CUDA\v11.6\bin/../nvvm/libdevice
  #$ PATH=C:\Program Files\NVIDIA GPU Computing Toolkit\CUDA\v11.6\bin/../nvvm/bin;C:\Program Files\NVIDIA GPU Computing Toolkit\CUDA\v11.6\bin;C:\Program Files\NVIDIA GPU Computing Toolkit\CUDA\v11.6\bin/../lib;D:\Program Files\Microsoft Visual Studio\2022\Community\VC\Tools\MSVC\14.34.31933\bin\HostX64\x64;D:\Windows Kits\10\bin\10.0.22000.0\x64;;D:\Windows Kits\10\bin\10.0.22000.0\x86;;D:\Program Files\Microsoft Visual Studio\2022\Community\Common7\tools;D:\Program Files\Microsoft Visual Studio\2022\Community\Common7\ide;C:\Program Files (x86)\HTML Help Workshop;;D:\Program Files\Microsoft Visual Studio\2022\Community\MSBuild\Current\Bin\amd64;C:\Windows\Microsoft.NET\Framework64\v4.0.30319\;C:\Windows\Microsoft.NET\Framework\v4.0.30319\;D:\Program Files\Microsoft Visual Studio\2022\Community\MSBuild\Current\Bin;C:\Windows\Microsoft.NET\Framework\v4.0.30319\;;C:\Program Files\NVIDIA GPU Computing Toolkit\CUDA\v11.6\bin;C:\Program Files\NVIDIA GPU Computing Toolkit\CUDA\v11.6\libnvvp;C:\Windows\system32;C:\Windows;C:\Windows\System32\Wbem;C:\Windows\System32\WindowsPowerShell\v1.0\;C:\Windows\System32\OpenSSH\;D:\MinGw\bin;C:\Program Files\NVIDIA Corporation\Nsight Compute 2022.1.0\;C:\Program Files (x86)\NVIDIA Corporation\PhysX\Common;C:\Program Files\NVIDIA Corporation\NVIDIA NvDLISR;C:\Program Files\NVIDIA GPU Computing Toolkit\CUDA\v11.6\lib\x64;C:\ProgramData\NVIDIA Corporation\CUDA Samples\v11.6\bin\win64;C:\ProgramData\NVIDIA Corporation\CUDA Samples\v11.6\common\lib\x64;D:\Git\cmd;D:\Git\bin;D:\bishe\stdgpu\stdgpu-master\bin;D:\bishe\stdgpu\stdgpu-master\bin\lib\cmake;D:\xshell\;D:\xshell\xshell7\;C:\Users\17208\AppData\Local\Microsoft\WindowsApps;;D:\Microsoft VS Code\bin;D:\CMake\bin;
  #$ INCLUDES="-IC:\Program Files\NVIDIA GPU Computing Toolkit\CUDA\v11.6\bin/../include"  
  #$ LIBRARIES=  "/LIBPATH:C:\Program Files\NVIDIA GPU Computing Toolkit\CUDA\v11.6\bin/../lib/x64"
  #$ CUDAFE_FLAGS=--sdk_dir "D:\Windows Kits\10"
  #$ PTXAS_FLAGS=
  CMakeCUDACompilerId.cu
  #$ cl.exe @"C:\Users\17208\AppData\Local\Temp/tmpxft_00003748_00000000-9.res" > "C:/Users/17208/AppData/Local/Temp/tmpxft_00003748_00000000-8_CMakeCUDACompilerId.cpp1.ii" 
  CMakeCUDACompilerId.cu
  #$ erase C:\Users\17208\AppData\Local\Temp/tmpxft_00003748_00000000-9.res
  #$ cicc --microsoft_version=1934 --msvc_target_version=1934 --compiler_bindir "D:/Program Files/Microsoft Visual Studio/2022/Community/VC/Tools/MSVC/14.34.31933/bin/HostX64/x64/../../../../../../.." --display_error_number --orig_src_file_name "D:/bishe/gpu-database/build/CMakeFiles/3.25.1/CompilerIdCUDA/CMakeCUDACompilerId.cu" --orig_src_path_name "D:\bishe\gpu-database\build\CMakeFiles\3.25.1\CompilerIdCUDA\CMakeCUDACompilerId.cu" --allow_managed --debug_mode --sdk_dir "D:\Windows Kits\10"  -arch compute_52 -m64 --no-version-ident -ftz=0 -prec_div=1 -prec_sqrt=1 -fmad=1 --include_file_name "tmpxft_00003748_00000000-4_CMakeCUDACompilerId.fatbin.c" -g -O0 -tused --gen_module_id_file --module_id_file_name "C:/Users/17208/AppData/Local/Temp/tmpxft_00003748_00000000-5_CMakeCUDACompilerId.module_id" --gen_c_file_name "C:/Users/17208/AppData/Local/Temp/tmpxft_00003748_00000000-7_CMakeCUDACompilerId.cudafe1.c" --stub_file_name "C:/Users/17208/AppData/Local/Temp/tmpxft_00003748_00000000-7_CMakeCUDACompilerId.cudafe1.stub.c" --gen_device_file_name "C:/Users/17208/AppData/Local/Temp/tmpxft_00003748_00000000-7_CMakeCUDACompilerId.cudafe1.gpu"  "C:/Users/17208/AppData/Local/Temp/tmpxft_00003748_00000000-8_CMakeCUDACompilerId.cpp1.ii" -o "C:/Users/17208/AppData/Local/Temp/tmpxft_00003748_00000000-7_CMakeCUDACompilerId.ptx"
  #$ ptxas -arch=sm_52 -m64 -g --dont-merge-basicblocks --return-at-end "C:/Users/17208/AppData/Local/Temp/tmpxft_00003748_00000000-7_CMakeCUDACompilerId.ptx"  -o "C:/Users/17208/AppData/Local/Temp/tmpxft_00003748_00000000-10_CMakeCUDACompilerId.sm_52.cubin" 
  #$ fatbinary -64 --ident="D:/bishe/gpu-database/build/CMakeFiles/3.25.1/CompilerIdCUDA/CMakeCUDACompilerId.cu" --cmdline="-g --dont-merge-basicblocks --return-at-end " --cicc-cmdline="-ftz=0 -prec_div=1 -prec_sqrt=1 -fmad=1 " -g "--image3=kind=elf,sm=52,file=C:/Users/17208/AppData/Local/Temp/tmpxft_00003748_00000000-10_CMakeCUDACompilerId.sm_52.cubin" "--image3=kind=ptx,sm=52,file=C:/Users/17208/AppData/Local/Temp/tmpxft_00003748_00000000-7_CMakeCUDACompilerId.ptx" --embedded-fatbin="C:/Users/17208/AppData/Local/Temp/tmpxft_00003748_00000000-4_CMakeCUDACompilerId.fatbin.c" 
  #$ erase C:/Users/17208/AppData/Local/Temp/tmpxft_00003748_00000000-4_CMakeCUDACompilerId.fatbin
  #$ cl.exe @"C:\Users\17208\AppData\Local\Temp/tmpxft_00003748_00000000-11.res" > "C:/Users/17208/AppData/Local/Temp/tmpxft_00003748_00000000-6_CMakeCUDACompilerId.cpp4.ii" 
  CMakeCUDACompilerId.cu
  #$ erase C:\Users\17208\AppData\Local\Temp/tmpxft_00003748_00000000-11.res
  #$ cudafe++ --microsoft_version=1934 --msvc_target_version=1934 --compiler_bindir "D:/Program Files/Microsoft Visual Studio/2022/Community/VC/Tools/MSVC/14.34.31933/bin/HostX64/x64/../../../../../../.." --display_error_number --orig_src_file_name "D:/bishe/gpu-database/build/CMakeFiles/3.25.1/CompilerIdCUDA/CMakeCUDACompilerId.cu" --orig_src_path_name "D:\bishe\gpu-database\build\CMakeFiles\3.25.1\CompilerIdCUDA\CMakeCUDACompilerId.cu" --allow_managed --debug_mode --sdk_dir "D:\Windows Kits\10" --m64 --parse_templates --gen_c_file_name "C:/Users/17208/AppData/Local/Temp/tmpxft_00003748_00000000-7_CMakeCUDACompilerId.cudafe1.cpp" --stub_file_name "tmpxft_00003748_00000000-7_CMakeCUDACompilerId.cudafe1.stub.c" --module_id_file_name "C:/Users/17208/AppData/Local/Temp/tmpxft_00003748_00000000-5_CMakeCUDACompilerId.module_id" "C:/Users/17208/AppData/Local/Temp/tmpxft_00003748_00000000-6_CMakeCUDACompilerId.cpp4.ii" 
  #$ cl.exe @"C:\Users\17208\AppData\Local\Temp/tmpxft_00003748_00000000-12.res" -Fo"Debug/CMakeCUDACompilerId.cu.obj" 
  tmpxft_00003748_00000000-7_CMakeCUDACompilerId.cudafe1.cpp
  #$ erase C:\Users\17208\AppData\Local\Temp/tmpxft_00003748_00000000-12.res
已完成生成项目“D:\bishe\gpu-database\build\CMakeFiles\3.25.1\CompilerIdCUDA\CompilerIdCUDA.vcxproj”(CudaBuildCore 个目标)的操作。
Link:
  D:\Program Files\Microsoft Visual Studio\2022\Community\VC\Tools\MSVC\14.34.31933\bin\HostX64\x64\link.exe /ERRORREPORT:QUEUE /OUT:".\CompilerIdCUDA.exe" /INCREMENTAL:NO /NOLOGO /LIBPATH:"C:\Program Files\NVIDIA GPU Computing Toolkit\CUDA\v11.6\lib\x64" cudart_static.lib /MANIFEST /MANIFESTUAC:"level='asInvoker' uiAccess='false'" /manifest:embed /PDB:".\CompilerIdCUDA.pdb" /SUBSYSTEM:CONSOLE /TLBID:1 /DYNAMICBASE /NXCOMPAT /IMPLIB:".\CompilerIdCUDA.lib" /MACHINE:X64 Debug\CMakeCUDACompilerId.cu.obj
    正在创建库 .\CompilerIdCUDA.lib 和对象 .\CompilerIdCUDA.exp
  CompilerIdCUDA.vcxproj -> D:\bishe\gpu-database\build\CMakeFiles\3.25.1\CompilerIdCUDA\CompilerIdCUDA.exe
PostBuildEvent:
  echo CMAKE_CUDA_COMPILER=C:\Program Files\NVIDIA GPU Computing Toolkit\CUDA\v11.6\bin\nvcc.exe
  :VCEnd
  CMAKE_CUDA_COMPILER=C:\Program Files\NVIDIA GPU Computing Toolkit\CUDA\v11.6\bin\nvcc.exe
FinalizeBuildStatus:
  正在删除文件“Debug\CompilerIdCUDA.tlog\unsuccessfulbuild”。
  正在对“Debug\CompilerIdCUDA.tlog\CompilerIdCUDA.lastbuildstate”执行 Touch 任务。
已完成生成项目“D:\bishe\gpu-database\build\CMakeFiles\3.25.1\CompilerIdCUDA\CompilerIdCUDA.vcxproj”(默认目标)的操作。

已成功生成。
    0 个警告
    0 个错误

已用时间 00:00:02.55


Compilation of the CUDA compiler identification source "CMakeCUDACompilerId.cu" produced "CompilerIdCUDA.exe"

Compilation of the CUDA compiler identification source "CMakeCUDACompilerId.cu" produced "CompilerIdCUDA.exp"

Compilation of the CUDA compiler identification source "CMakeCUDACompilerId.cu" produced "CompilerIdCUDA.lib"

Compilation of the CUDA compiler identification source "CMakeCUDACompilerId.cu" produced "CompilerIdCUDA.vcxproj"

The CUDA compiler identification is NVIDIA, found in "D:/bishe/gpu-database/build/CMakeFiles/3.25.1/CompilerIdCUDA/CompilerIdCUDA.exe"

Parsed CUDA nvcc include information from above output:
  found 'INCLUDES=' string: ["-IC:\Program Files\NVIDIA GPU Computing Toolkit\CUDA\v11.6\bin/../include"  ]



Detecting CXX compiler ABI info compiled with the following output:
Change Dir: D:/bishe/gpu-database/build/CMakeFiles/CMakeScratch/TryCompile-cbrlwl

Run Build Command(s):D:/Program Files/Microsoft Visual Studio/2022/Community/MSBuild/Current/Bin/amd64/MSBuild.exe cmTC_03450.vcxproj /p:Configuration=Debug /p:Platform=x64 /p:VisualStudioVersion=17.0 /v:m && MSBuild version 17.4.1+9a89d02ff for .NET Framework
  用于 x64 的 Microsoft (R) C/C++ 优化编译器 19.34.31937 版
  CMakeCXXCompilerABI.cpp
  版权所有(C) Microsoft Corporation。保留所有权利。
  cl /c /Zi /W3 /WX- /diagnostics:column /Od /Ob0 /D _MBCS /D WIN32 /D _WINDOWS /D "CMAKE_INTDIR=\"Debug\"" /Gm- /EHsc /RTC1 /MDd /GS /fp:precise /Zc:wchar_t /Zc:forScope /Zc:inline /GR /Fo"cmTC_03450.dir\Debug\\" /Fd"cmTC_03450.dir\Debug\vc143.pdb" /external:W3 /Gd /TP /errorReport:queue "D:\CMake\share\cmake-3.25\Modules\CMakeCXXCompilerABI.cpp"
  cmTC_03450.vcxproj -> D:\bishe\gpu-database\build\CMakeFiles\CMakeScratch\TryCompile-cbrlwl\Debug\cmTC_03450.exe



Detecting CUDA compiler ABI info compiled with the following output:
Change Dir: D:/bishe/gpu-database/build/CMakeFiles/CMakeScratch/TryCompile-so3zj1

Run Build Command(s):D:/Program Files/Microsoft Visual Studio/2022/Community/MSBuild/Current/Bin/amd64/MSBuild.exe cmTC_92ba7.vcxproj /p:Configuration=Debug /p:Platform=x64 /p:VisualStudioVersion=17.0 /v:m && MSBuild version 17.4.1+9a89d02ff for .NET Framework
  Compiling CUDA source file ..\..\..\..\..\..\CMake\share\cmake-3.25\Modules\CMakeCUDACompilerABI.cu...
  
  D:\bishe\gpu-database\build\CMakeFiles\CMakeScratch\TryCompile-so3zj1>"C:\Program Files\NVIDIA GPU Computing Toolkit\CUDA\v11.6\bin\nvcc.exe"  --use-local-env -ccbin "D:\Program Files\Microsoft Visual Studio\2022\Community\VC\Tools\MSVC\14.34.31933\bin\HostX64\x64" -x cu    -I"C:\Program Files\NVIDIA GPU Computing Toolkit\CUDA\v11.6\include"     --keep-dir x64\Debug  -maxrregcount=0  --machine 64 --compile -cudart static -Xcompiler="/EHsc -Zi -Ob0 -v" -g  -D_WINDOWS -D"CMAKE_INTDIR=\"Debug\"" -D_MBCS -D"CMAKE_INTDIR=\"Debug\"" -Xcompiler "/EHsc /W3 /nologo /Od /FdcmTC_92ba7.dir\Debug\vc143.pdb /FS /Zi /RTC1 /MDd /GR" -o cmTC_92ba7.dir\Debug\CMakeCUDACompilerABI.obj "D:\CMake\share\cmake-3.25\Modules\CMakeCUDACompilerABI.cu" 
cl : 命令行 warning D9002: 忽略未知选项“-v” [D:\bishe\gpu-database\build\CMakeFiles\CMakeScratch\TryCompile-so3zj1\cmTC_92ba7.vcxproj]
cl : 命令行 warning D9002: 忽略未知选项“-v” [D:\bishe\gpu-database\build\CMakeFiles\CMakeScratch\TryCompile-so3zj1\cmTC_92ba7.vcxproj]
  CMakeCUDACompilerABI.cu
cl : 命令行 warning D9002: 忽略未知选项“-v” [D:\bishe\gpu-database\build\CMakeFiles\CMakeScratch\TryCompile-so3zj1\cmTC_92ba7.vcxproj]
LINK : warning LNK4044: 无法识别的选项“/v”；已忽略 [D:\bishe\gpu-database\build\CMakeFiles\CMakeScratch\TryCompile-so3zj1\cmTC_92ba7.vcxproj]
    正在创建库 D:/bishe/gpu-database/build/CMakeFiles/CMakeScratch/TryCompile-so3zj1/Debug/cmTC_92ba7.lib 和对象 D:/bishe/gpu-database/build/CMakeFiles/CMakeScratch/TryCompile-so3zj1/Debug/cmTC_92ba7.exp
  cmTC_92ba7.vcxproj -> D:\bishe\gpu-database\build\CMakeFiles\CMakeScratch\TryCompile-so3zj1\Debug\cmTC_92ba7.exe



Parsed CUDA implicit include dir info from above output: rv=start
  warn: unable to parse implicit include dirs!


Parsed CUDA implicit link information from above output:
  link line regex: [^( *|.*[/\])(link\.exe|CMAKE_LINK_STARTFILE-NOTFOUND|([^/\]+-)?ld|collect2)[^/\]*( |$)]
  ignore line: [Change Dir: D:/bishe/gpu-database/build/CMakeFiles/CMakeScratch/TryCompile-so3zj1]
  ignore line: []
  ignore line: [Run Build Command(s):D:/Program Files/Microsoft Visual Studio/2022/Community/MSBuild/Current/Bin/amd64/MSBuild.exe cmTC_92ba7.vcxproj /p:Configuration=Debug /p:Platform=x64 /p:VisualStudioVersion=17.0 /v:m && MSBuild version 17.4.1+9a89d02ff for .NET Framework]
  ignore line: [  Compiling CUDA source file ..\..\..\..\..\..\CMake\share\cmake-3.25\Modules\CMakeCUDACompilerABI.cu...]
  ignore line: [  ]
  ignore line: [  D:\bishe\gpu-database\build\CMakeFiles\CMakeScratch\TryCompile-so3zj1>"C:\Program Files\NVIDIA GPU Computing Toolkit\CUDA\v11.6\bin\nvcc.exe"  --use-local-env -ccbin "D:\Program Files\Microsoft Visual Studio\2022\Community\VC\Tools\MSVC\14.34.31933\bin\HostX64\x64" -x cu    -I"C:\Program Files\NVIDIA GPU Computing Toolkit\CUDA\v11.6\include"     --keep-dir x64\Debug  -maxrregcount=0  --machine 64 --compile -cudart static -Xcompiler="/EHsc -Zi -Ob0 -v" -g  -D_WINDOWS -D"CMAKE_INTDIR=\"Debug\"" -D_MBCS -D"CMAKE_INTDIR=\"Debug\"" -Xcompiler "/EHsc /W3 /nologo /Od /FdcmTC_92ba7.dir\Debug\vc143.pdb /FS /Zi /RTC1 /MDd /GR" -o cmTC_92ba7.dir\Debug\CMakeCUDACompilerABI.obj "D:\CMake\share\cmake-3.25\Modules\CMakeCUDACompilerABI.cu" ]
  ignore line: [cl : 命令行 warning D9002: 忽略未知选项“-v” [D:\bishe\gpu-database\build\CMakeFiles\CMakeScratch\TryCompile-so3zj1\cmTC_92ba7.vcxproj]]
  ignore line: [cl : 命令行 warning D9002: 忽略未知选项“-v” [D:\bishe\gpu-database\build\CMakeFiles\CMakeScratch\TryCompile-so3zj1\cmTC_92ba7.vcxproj]]
  ignore line: [  CMakeCUDACompilerABI.cu]
  ignore line: [cl : 命令行 warning D9002: 忽略未知选项“-v” [D:\bishe\gpu-database\build\CMakeFiles\CMakeScratch\TryCompile-so3zj1\cmTC_92ba7.vcxproj]]
  ignore line: [LINK : warning LNK4044: 无法识别的选项“/v”；已忽略 [D:\bishe\gpu-database\build\CMakeFiles\CMakeScratch\TryCompile-so3zj1\cmTC_92ba7.vcxproj]]
  ignore line: [    正在创建库 D:/bishe/gpu-database/build/CMakeFiles/CMakeScratch/TryCompile-so3zj1/Debug/cmTC_92ba7.lib 和对象 D:/bishe/gpu-database/build/CMakeFiles/CMakeScratch/TryCompile-so3zj1/Debug/cmTC_92ba7.exp]
  ignore line: [  cmTC_92ba7.vcxproj -> D:\bishe\gpu-database\build\CMakeFiles\CMakeScratch\TryCompile-so3zj1\Debug\cmTC_92ba7.exe]
  ignore line: []
  ignore line: []
  implicit libs: []
  implicit objs: []
  implicit dirs: []
  implicit fwks: []


